app/build/intermediates/manifest_merge_blame_file/release/manifest-merger-blame-release-report.txt
1<?xml version="1.0" encoding="utf-8"?>
2<manifest xmlns:android="http://schemas.android.com/apk/res/android"
3    xmlns:app="http://schemas.android.com/apk/res-auto"
4    xmlns:tools="http://schemas.android.com/apk/tools"
5    package="com.moderneinstein.android.arcade"
6    android:versionCode="1"
7    android:versionName="1.0" > <!-- android:label="@string/app_name" -->
8    <uses-sdk
9        android:minSdkVersion="29"
9-->src\main\AndroidManifest.xml
10        android:targetSdkVersion="31" />
10-->src\main\AndroidManifest.xml
11
12    <uses-permission android:name="android.permission.INTERNET" />
12-->[com.google.firebase:firebase-auth:22.1.1] AndroidManifest.xml:25:5-67
12-->[com.google.firebase:firebase-auth:22.1.1] AndroidManifest.xml:25:22-64
13    <uses-permission android:name="android.permission.ACCESS_NETWORK_STATE" /> <!-- android:name = "CentralSource" -->
13-->[com.google.firebase:firebase-auth:22.1.1] AndroidManifest.xml:26:5-79
13-->[com.google.firebase:firebase-auth:22.1.1] AndroidManifest.xml:26:22-76
14    <application
14-->src\main\AndroidManifest.xml:9:5-43:19
15        android:appComponentFactory="androidx.core.app.CoreComponentFactory"
15-->[androidx.core:core:1.8.0] AndroidManifest.xml:24:18-86
16        android:extractNativeLibs="false"
17        android:icon="@drawable/ic_launcher"
17-->src\main\AndroidManifest.xml:10:5-41
18        android:label="@string/app_name" >
18-->src\main\AndroidManifest.xml:9:18-50
19        <activity
19-->src\main\AndroidManifest.xml:11:9-17:20
20            android:name="com.moderneinstein.android.arcade.RootActivity"
20-->src\main\AndroidManifest.xml:11:19-46
21            android:exported="true" >
21-->src\main\AndroidManifest.xml:12:19-43
22            <intent-filter>
22-->src\main\AndroidManifest.xml:13:13-16:29
23                <action android:name="android.intent.action.MAIN" />
23-->src\main\AndroidManifest.xml:14:17-69
23-->src\main\AndroidManifest.xml:14:25-66
24
25                <category android:name="android.intent.category.LAUNCHER" />
25-->src\main\AndroidManifest.xml:15:17-77
25-->src\main\AndroidManifest.xml:15:27-74
26            </intent-filter>
27        </activity>
28        <activity
28-->src\main\AndroidManifest.xml:18:9-22:20
29            android:name="com.moderneinstein.android.arcade.AnagramsActivity"
29-->src\main\AndroidManifest.xml:19:9-42
30            android:exported="true"
30-->src\main\AndroidManifest.xml:20:9-34
31            android:parentActivityName="com.moderneinstein.android.arcade.RootActivity" >
31-->src\main\AndroidManifest.xml:21:9-51
32        </activity>
33        <activity
33-->src\main\AndroidManifest.xml:23:9-27:20
34            android:name="com.moderneinstein.android.arcade.ToDoListActivity"
34-->src\main\AndroidManifest.xml:24:9-42
35            android:exported="true"
35-->src\main\AndroidManifest.xml:25:9-34
36            android:parentActivityName="com.moderneinstein.android.arcade.RootActivity" >
36-->src\main\AndroidManifest.xml:26:9-51
37        </activity>
38        <activity
38-->src\main\AndroidManifest.xml:28:9-32:20
39            android:name="com.moderneinstein.android.arcade.SignupActivity"
39-->src\main\AndroidManifest.xml:31:9-39
40            android:exported="true"
40-->src\main\AndroidManifest.xml:30:9-33
41            android:parentActivityName="com.moderneinstein.android.arcade.RootActivity" >
41-->src\main\AndroidManifest.xml:29:9-52
42        </activity>
43        <activity
43-->src\main\AndroidManifest.xml:33:9-37:20
44            android:name="com.moderneinstein.android.arcade.LoginActivity"
44-->src\main\AndroidManifest.xml:36:9-38
45            android:exported="true"
45-->src\main\AndroidManifest.xml:34:9-34
46            android:parentActivityName="com.moderneinstein.android.arcade.RootActivity" >
46-->src\main\AndroidManifest.xml:35:9-51
47        </activity>
48        <activity
48-->src\main\AndroidManifest.xml:38:9-42:20
49            android:name="com.moderneinstein.android.arcade.SettingsActivity"
49-->src\main\AndroidManifest.xml:41:9-42
50            android:exported="false"
50-->src\main\AndroidManifest.xml:39:9-35
51            android:parentActivityName="com.moderneinstein.android.arcade.RootActivity" >
51-->src\main\AndroidManifest.xml:40:9-52
52        </activity>
53        <activity
53-->[com.google.firebase:firebase-auth:22.1.1] AndroidManifest.xml:29:9-46:20
54            android:name="com.google.firebase.auth.internal.GenericIdpActivity"
54-->[com.google.firebase:firebase-auth:22.1.1] AndroidManifest.xml:30:13-80
55            android:excludeFromRecents="true"
55-->[com.google.firebase:firebase-auth:22.1.1] AndroidManifest.xml:31:13-46
56            android:exported="true"
56-->[com.google.firebase:firebase-auth:22.1.1] AndroidManifest.xml:32:13-36
57            android:launchMode="singleTask"
57-->[com.google.firebase:firebase-auth:22.1.1] AndroidManifest.xml:33:13-44
58            android:theme="@android:style/Theme.Translucent.NoTitleBar" >
58-->[com.google.firebase:firebase-auth:22.1.1] AndroidManifest.xml:34:13-72
59            <intent-filter>
59-->[com.google.firebase:firebase-auth:22.1.1] AndroidManifest.xml:35:13-45:29
60                <action android:name="android.intent.action.VIEW" />
60-->[com.google.firebase:firebase-auth:22.1.1] AndroidManifest.xml:36:17-69
60-->[com.google.firebase:firebase-auth:22.1.1] AndroidManifest.xml:36:25-66
61
62                <category android:name="android.intent.category.DEFAULT" />
62-->[com.google.firebase:firebase-auth:22.1.1] AndroidManifest.xml:38:17-76
62-->[com.google.firebase:firebase-auth:22.1.1] AndroidManifest.xml:38:27-73
63                <category android:name="android.intent.category.BROWSABLE" />
63-->[com.google.firebase:firebase-auth:22.1.1] AndroidManifest.xml:39:17-78
63-->[com.google.firebase:firebase-auth:22.1.1] AndroidManifest.xml:39:27-75
64
65                <data
65-->[com.google.firebase:firebase-auth:22.1.1] AndroidManifest.xml:41:17-44:51
66                    android:host="firebase.auth"
66-->[com.google.firebase:firebase-auth:22.1.1] AndroidManifest.xml:42:21-49
67                    android:path="/"
67-->[com.google.firebase:firebase-auth:22.1.1] AndroidManifest.xml:43:21-37
68                    android:scheme="genericidp" />
68-->[com.google.firebase:firebase-auth:22.1.1] AndroidManifest.xml:44:21-48
69            </intent-filter>
70        </activity>
71        <activity
71-->[com.google.firebase:firebase-auth:22.1.1] AndroidManifest.xml:47:9-64:20
72            android:name="com.google.firebase.auth.internal.RecaptchaActivity"
72-->[com.google.firebase:firebase-auth:22.1.1] AndroidManifest.xml:48:13-79
73            android:excludeFromRecents="true"
73-->[com.google.firebase:firebase-auth:22.1.1] AndroidManifest.xml:49:13-46
74            android:exported="true"
74-->[com.google.firebase:firebase-auth:22.1.1] AndroidManifest.xml:50:13-36
75            android:launchMode="singleTask"
75-->[com.google.firebase:firebase-auth:22.1.1] AndroidManifest.xml:51:13-44
76            android:theme="@android:style/Theme.Translucent.NoTitleBar" >
76-->[com.google.firebase:firebase-auth:22.1.1] AndroidManifest.xml:52:13-72
77            <intent-filter>
77-->[com.google.firebase:firebase-auth:22.1.1] AndroidManifest.xml:53:13-63:29
78                <action android:name="android.intent.action.VIEW" />
78-->[com.google.firebase:firebase-auth:22.1.1] AndroidManifest.xml:36:17-69
78-->[com.google.firebase:firebase-auth:22.1.1] AndroidManifest.xml:36:25-66
79
80                <category android:name="android.intent.category.DEFAULT" />
80-->[com.google.firebase:firebase-auth:22.1.1] AndroidManifest.xml:38:17-76
80-->[com.google.firebase:firebase-auth:22.1.1] AndroidManifest.xml:38:27-73
81                <category android:name="android.intent.category.BROWSABLE" />
81-->[com.google.firebase:firebase-auth:22.1.1] AndroidManifest.xml:39:17-78
81-->[com.google.firebase:firebase-auth:22.1.1] AndroidManifest.xml:39:27-75
82
83                <data
83-->[com.google.firebase:firebase-auth:22.1.1] AndroidManifest.xml:41:17-44:51
84                    android:host="firebase.auth"
84-->[com.google.firebase:firebase-auth:22.1.1] AndroidManifest.xml:42:21-49
85                    android:path="/"
85-->[com.google.firebase:firebase-auth:22.1.1] AndroidManifest.xml:43:21-37
86                    android:scheme="recaptcha" />
86-->[com.google.firebase:firebase-auth:22.1.1] AndroidManifest.xml:44:21-48
87            </intent-filter>
88        </activity>
89
90        <service
90-->[com.google.firebase:firebase-auth:22.1.1] AndroidManifest.xml:66:9-72:19
91            android:name="com.google.firebase.components.ComponentDiscoveryService"
91-->[com.google.firebase:firebase-auth:22.1.1] AndroidManifest.xml:67:13-84
92            android:directBootAware="true"
92-->[com.google.firebase:firebase-common:20.3.3] AndroidManifest.xml:34:13-43
93            android:exported="false" >
93-->[com.google.firebase:firebase-auth:22.1.1] AndroidManifest.xml:68:13-37
94            <meta-data
94-->[com.google.firebase:firebase-auth:22.1.1] AndroidManifest.xml:69:13-71:85
95                android:name="com.google.firebase.components:com.google.firebase.auth.FirebaseAuthRegistrar"
95-->[com.google.firebase:firebase-auth:22.1.1] AndroidManifest.xml:70:17-109
96                android:value="com.google.firebase.components.ComponentRegistrar" />
96-->[com.google.firebase:firebase-auth:22.1.1] AndroidManifest.xml:71:17-82
97            <meta-data
97-->[com.google.firebase:firebase-firestore:24.7.0] AndroidManifest.xml:19:13-21:85
98                android:name="com.google.firebase.components:com.google.firebase.firestore.FirestoreRegistrar"
98-->[com.google.firebase:firebase-firestore:24.7.0] AndroidManifest.xml:20:17-111
99                android:value="com.google.firebase.components.ComponentRegistrar" />
99-->[com.google.firebase:firebase-firestore:24.7.0] AndroidManifest.xml:21:17-82
100        </service>
101
102        <provider
102-->[com.google.firebase:firebase-common:20.3.3] AndroidManifest.xml:25:9-30:39
103            android:name="com.google.firebase.provider.FirebaseInitProvider"
103-->[com.google.firebase:firebase-common:20.3.3] AndroidManifest.xml:26:13-77
104            android:authorities="com.moderneinstein.android.arcade.firebaseinitprovider"
104-->[com.google.firebase:firebase-common:20.3.3] AndroidManifest.xml:27:13-72
105            android:directBootAware="true"
105-->[com.google.firebase:firebase-common:20.3.3] AndroidManifest.xml:28:13-43
106            android:exported="false"
106-->[com.google.firebase:firebase-common:20.3.3] AndroidManifest.xml:29:13-37
107            android:initOrder="100" />
107-->[com.google.firebase:firebase-common:20.3.3] AndroidManifest.xml:30:13-36
108
109        <activity
109-->[com.google.android.gms:play-services-base:18.0.1] AndroidManifest.xml:20:9-22:45
110            android:name="com.google.android.gms.common.api.GoogleApiActivity"
110-->[com.google.android.gms:play-services-base:18.0.1] AndroidManifest.xml:20:19-85
111            android:exported="false"
111-->[com.google.android.gms:play-services-base:18.0.1] AndroidManifest.xml:22:19-43
112            android:theme="@android:style/Theme.Translucent.NoTitleBar" />
112-->[com.google.android.gms:play-services-base:18.0.1] AndroidManifest.xml:21:19-78
113
114        <uses-library
114-->[androidx.window:window:1.0.0] AndroidManifest.xml:25:9-27:40
115            android:name="androidx.window.extensions"
115-->[androidx.window:window:1.0.0] AndroidManifest.xml:26:13-54
116            android:required="false" />
116-->[androidx.window:window:1.0.0] AndroidManifest.xml:27:13-37
117        <uses-library
117-->[androidx.window:window:1.0.0] AndroidManifest.xml:28:9-30:40
118            android:name="androidx.window.sidecar"
118-->[androidx.window:window:1.0.0] AndroidManifest.xml:29:13-51
119            android:required="false" />
119-->[androidx.window:window:1.0.0] AndroidManifest.xml:30:13-37
120
121        <meta-data
121-->[com.google.android.gms:play-services-basement:18.1.0] AndroidManifest.xml:21:9-23:69
122            android:name="com.google.android.gms.version"
122-->[com.google.android.gms:play-services-basement:18.1.0] AndroidManifest.xml:22:13-58
123            android:value="@integer/google_play_services_version" />
123-->[com.google.android.gms:play-services-basement:18.1.0] AndroidManifest.xml:23:13-66
124    </application>
125
126</manifest>